2026-06-24 12:42:05.174 WARN  [route-service] [,] o.s.c.events.SpringDocAppInitializer:83 - SpringDoc /v3/api-docs endpoint is enabled by default. To disable it in production, set the property 'springdoc.api-docs.enabled=false'
2026-06-24 12:42:05.175 WARN  [route-service] [,] o.s.c.events.SpringDocAppInitializer:83 - SpringDoc /swagger-ui.html endpoint is enabled by default. To disable it in production, set the property 'springdoc.swagger-ui.enabled=false'
2026-06-24 12:43:11.570 WARN  [route-service] [,] o.s.c.events.SpringDocAppInitializer:83 - SpringDoc /v3/api-docs endpoint is enabled by default. To disable it in production, set the property 'springdoc.api-docs.enabled=false'
2026-06-24 12:43:11.571 WARN  [route-service] [,] o.s.c.events.SpringDocAppInitializer:83 - SpringDoc /swagger-ui.html endpoint is enabled by default. To disable it in production, set the property 'springdoc.swagger-ui.enabled=false'
2026-06-24 12:47:26.501 WARN  [route-service] [,] com.zaxxer.hikari.pool.HikariPool:825 - HikariPool-1 - Thread starvation or clock leap detected (housekeeper delta=1m1s713ms487µs500ns).
2026-06-24 12:50:39.257 WARN  [route-service] [,] o.s.c.events.SpringDocAppInitializer:83 - SpringDoc /v3/api-docs endpoint is enabled by default. To disable it in production, set the property 'springdoc.api-docs.enabled=false'
2026-06-24 12:50:39.257 WARN  [route-service] [,] o.s.c.events.SpringDocAppInitializer:83 - SpringDoc /swagger-ui.html endpoint is enabled by default. To disable it in production, set the property 'springdoc.swagger-ui.enabled=false'
2026-06-24 13:41:43.716 WARN  [route-service] [,] com.zaxxer.hikari.pool.HikariPool:825 - HikariPool-1 - Thread starvation or clock leap detected (housekeeper delta=50s14ms164µs600ns).
2026-06-24 13:45:06.321 WARN  [route-service] [,] com.zaxxer.hikari.pool.HikariPool:825 - HikariPool-1 - Thread starvation or clock leap detected (housekeeper delta=52s549ms648µs500ns).
2026-06-24 16:51:54.055 WARN  [route-service] [,] o.s.c.events.SpringDocAppInitializer:83 - SpringDoc /v3/api-docs endpoint is enabled by default. To disable it in production, set the property 'springdoc.api-docs.enabled=false'
2026-06-24 16:51:54.055 WARN  [route-service] [,] o.s.c.events.SpringDocAppInitializer:83 - SpringDoc /swagger-ui.html endpoint is enabled by default. To disable it in production, set the property 'springdoc.swagger-ui.enabled=false'
2026-06-24 17:15:06.824 WARN  [route-service] [,] o.s.c.events.SpringDocAppInitializer:83 - SpringDoc /v3/api-docs endpoint is enabled by default. To disable it in production, set the property 'springdoc.api-docs.enabled=false'
2026-06-24 17:15:06.826 WARN  [route-service] [,] o.s.c.events.SpringDocAppInitializer:83 - SpringDoc /swagger-ui.html endpoint is enabled by default. To disable it in production, set the property 'springdoc.swagger-ui.enabled=false'
2026-06-24 19:11:27.251 WARN  [route-service] [,] o.s.c.events.SpringDocAppInitializer:83 - SpringDoc /v3/api-docs endpoint is enabled by default. To disable it in production, set the property 'springdoc.api-docs.enabled=false'
2026-06-24 19:11:27.252 WARN  [route-service] [,] o.s.c.events.SpringDocAppInitializer:83 - SpringDoc /swagger-ui.html endpoint is enabled by default. To disable it in production, set the property 'springdoc.swagger-ui.enabled=false'
2026-06-24 19:13:33.184 WARN  [route-service] [1345bdc33501ac6e1c7e374b9c586d09,728112b36c05dfd0] e.c.v.o.EmbeddedBrouterRoutingClient:229 - → calc p50=154ms wysokie (3× CPU cores=16). Typowy embedded BRouter call = 30-80ms. Możliwa przyczyna: za dużo równoczesnych engine'ów. Zredukuj ROUTE_BROUTER_MAX_CONCURRENT do 16.
2026-06-24 19:24:07.537 WARN  [route-service] [,] o.s.c.events.SpringDocAppInitializer:83 - SpringDoc /v3/api-docs endpoint is enabled by default. To disable it in production, set the property 'springdoc.api-docs.enabled=false'
2026-06-24 19:24:07.538 WARN  [route-service] [,] o.s.c.events.SpringDocAppInitializer:83 - SpringDoc /swagger-ui.html endpoint is enabled by default. To disable it in production, set the property 'springdoc.swagger-ui.enabled=false'
2026-06-24 20:59:07.843 WARN  [route-service] [,] o.s.c.events.SpringDocAppInitializer:83 - SpringDoc /v3/api-docs endpoint is enabled by default. To disable it in production, set the property 'springdoc.api-docs.enabled=false'
2026-06-24 20:59:07.843 WARN  [route-service] [,] o.s.c.events.SpringDocAppInitializer:83 - SpringDoc /swagger-ui.html endpoint is enabled by default. To disable it in production, set the property 'springdoc.swagger-ui.enabled=false'
2026-06-24 21:05:48.105 WARN  [route-service] [,] o.s.c.events.SpringDocAppInitializer:83 - SpringDoc /v3/api-docs endpoint is enabled by default. To disable it in production, set the property 'springdoc.api-docs.enabled=false'
2026-06-24 21:05:48.105 WARN  [route-service] [,] o.s.c.events.SpringDocAppInitializer:83 - SpringDoc /swagger-ui.html endpoint is enabled by default. To disable it in production, set the property 'springdoc.swagger-ui.enabled=false'
2026-06-24 21:07:39.761 WARN  [route-service] [cffb28aeae2705e25a1ab117a2cbaab6,74fabba6656d5f94] e.c.v.o.EmbeddedBrouterRoutingClient:229 - → calc p50=171ms wysokie (3× CPU cores=16). Typowy embedded BRouter call = 30-80ms. Możliwa przyczyna: za dużo równoczesnych engine'ów. Zredukuj ROUTE_BROUTER_MAX_CONCURRENT do 16.
2026-06-24 21:14:22.932 WARN  [route-service] [,] o.s.c.events.SpringDocAppInitializer:83 - SpringDoc /v3/api-docs endpoint is enabled by default. To disable it in production, set the property 'springdoc.api-docs.enabled=false'
2026-06-24 21:14:22.934 WARN  [route-service] [,] o.s.c.events.SpringDocAppInitializer:83 - SpringDoc /swagger-ui.html endpoint is enabled by default. To disable it in production, set the property 'springdoc.swagger-ui.enabled=false'
2026-06-24 21:18:56.405 WARN  [route-service] [,] com.zaxxer.hikari.pool.HikariPool:825 - HikariPool-1 - Thread starvation or clock leap detected (housekeeper delta=1m18s879ms245µs800ns).
2026-06-24 21:19:46.253 WARN  [route-service] [,] com.zaxxer.hikari.pool.HikariPool:825 - HikariPool-1 - Thread starvation or clock leap detected (housekeeper delta=49s848ms359µs400ns).
2026-06-24 21:21:37.087 WARN  [route-service] [,] com.zaxxer.hikari.pool.HikariPool:825 - HikariPool-1 - Thread starvation or clock leap detected (housekeeper delta=1m50s835ms119µs400ns).
2026-06-24 21:23:24.865 WARN  [route-service] [,] com.zaxxer.hikari.pool.HikariPool:825 - HikariPool-1 - Thread starvation or clock leap detected (housekeeper delta=1m5s36ms923µs300ns).
2026-06-24 21:24:18.509 WARN  [route-service] [,] com.zaxxer.hikari.pool.HikariPool:825 - HikariPool-1 - Thread starvation or clock leap detected (housekeeper delta=53s644ms475µs800ns).
2026-06-24 21:25:14.957 WARN  [route-service] [,] com.zaxxer.hikari.pool.HikariPool:825 - HikariPool-1 - Thread starvation or clock leap detected (housekeeper delta=56s448ms366µs600ns).
2026-06-24 21:33:57.989 WARN  [route-service] [,] com.zaxxer.hikari.pool.HikariPool:825 - HikariPool-1 - Thread starvation or clock leap detected (housekeeper delta=8m3s104ms494µs500ns).
2026-06-24 22:06:39.014 WARN  [route-service] [,] o.s.c.events.SpringDocAppInitializer:83 - SpringDoc /v3/api-docs endpoint is enabled by default. To disable it in production, set the property 'springdoc.api-docs.enabled=false'
2026-06-24 22:06:39.014 WARN  [route-service] [,] o.s.c.events.SpringDocAppInitializer:83 - SpringDoc /swagger-ui.html endpoint is enabled by default. To disable it in production, set the property 'springdoc.swagger-ui.enabled=false'
